[debug] [2026-02-27T01:07:37.000Z] ----------------------------------------------------------------------
[debug] [2026-02-27T01:07:37.002Z] Command:       /nix/store/ixbb20farqh1f4fqbmsn6b1ixn8mc8ij-nodejs-20.18.1/bin/node /home/user/.npm/_npx/ba4f1959e38407b5/node_modules/.bin/firebase apphosting:backends:create
[debug] [2026-02-27T01:07:37.002Z] CLI Version:   15.8.0
[debug] [2026-02-27T01:07:37.003Z] Platform:      linux
[debug] [2026-02-27T01:07:37.003Z] Node Version:  v20.18.1
[debug] [2026-02-27T01:07:37.003Z] Time:          Fri Feb 27 2026 01:07:37 GMT+0000 (Coordinated Universal Time)
[debug] [2026-02-27T01:07:37.003Z] ----------------------------------------------------------------------
[debug] 
[debug] [2026-02-27T01:07:37.030Z] No OAuth tokens found
[debug] [2026-02-27T01:07:37.031Z] No OAuth tokens found
[error] Failed to fetch Firebase Project from current Studio Workspace: Unable to refresh auth: not yet authenticated.
[debug] [2026-02-27T01:07:37.034Z] > command requires scopes: ["email","openid","https://www.googleapis.com/auth/cloudplatformprojects.readonly","https://www.googleapis.com/auth/firebase","https://www.googleapis.com/auth/cloud-platform","https://www.googleapis.com/auth/userinfo.email"]
[debug] [2026-02-27T01:07:37.034Z] > authorizing via signed-in user (japaka876@gmail.com)
[debug] [2026-02-27T01:07:37.036Z] No OAuth tokens found
[debug] [2026-02-27T01:07:37.036Z] No OAuth tokens found
[debug] [2026-02-27T01:07:37.036Z] > command requires scopes: ["email","openid","https://www.googleapis.com/auth/cloudplatformprojects.readonly","https://www.googleapis.com/auth/firebase","https://www.googleapis.com/auth/cloud-platform","https://www.googleapis.com/auth/userinfo.email"]
[debug] [2026-02-27T01:07:37.036Z] > authorizing via signed-in user (japaka876@gmail.com)
[debug] [2026-02-27T01:07:37.037Z] >>> [apiv2][query] POST https://iam.googleapis.com/v1/projects/osti-ff772/serviceAccounts/firebase-app-hosting-compute@osti-ff772.iam.gserviceaccount.com:testIamPermissions [none]
[debug] [2026-02-27T01:07:37.038Z] >>> [apiv2][(partial)header] POST https://iam.googleapis.com/v1/projects/osti-ff772/serviceAccounts/firebase-app-hosting-compute@osti-ff772.iam.gserviceaccount.com:testIamPermissions  x-goog-user-project=osti-ff772
[debug] [2026-02-27T01:07:37.038Z] >>> [apiv2][body] POST https://iam.googleapis.com/v1/projects/osti-ff772/serviceAccounts/firebase-app-hosting-compute@osti-ff772.iam.gserviceaccount.com:testIamPermissions {"permissions":["iam.serviceAccounts.actAs"]}
[debug] [2026-02-27T01:07:37.260Z] <<< [apiv2][status] POST https://iam.googleapis.com/v1/projects/osti-ff772/serviceAccounts/firebase-app-hosting-compute@osti-ff772.iam.gserviceaccount.com:testIamPermissions 200
[debug] [2026-02-27T01:07:37.260Z] <<< [apiv2][body] POST https://iam.googleapis.com/v1/projects/osti-ff772/serviceAccounts/firebase-app-hosting-compute@osti-ff772.iam.gserviceaccount.com:testIamPermissions {"permissions":["iam.serviceAccounts.actAs"]}
[debug] [2026-02-27T01:07:37.261Z] No OAuth tokens found
[debug] [2026-02-27T01:07:37.261Z] No OAuth tokens found
[debug] [2026-02-27T01:07:37.261Z] > command requires scopes: ["email","openid","https://www.googleapis.com/auth/cloudplatformprojects.readonly","https://www.googleapis.com/auth/firebase","https://www.googleapis.com/auth/cloud-platform","https://www.googleapis.com/auth/userinfo.email"]
[debug] [2026-02-27T01:07:37.261Z] > authorizing via signed-in user (japaka876@gmail.com)
[debug] [2026-02-27T01:07:37.261Z] >>> [apiv2][query] POST https://iam.googleapis.com/v1/projects/osti-ff772/serviceAccounts [none]
[debug] [2026-02-27T01:07:37.262Z] >>> [apiv2][body] POST https://iam.googleapis.com/v1/projects/osti-ff772/serviceAccounts {"accountId":"firebase-app-hosting-compute","serviceAccount":{"displayName":"Firebase App Hosting compute service account","description":"Default service account used to run builds and deploys for Firebase App Hosting"}}
[debug] [2026-02-27T01:07:37.410Z] <<< [apiv2][status] POST https://iam.googleapis.com/v1/projects/osti-ff772/serviceAccounts 409
[debug] [2026-02-27T01:07:37.411Z] <<< [apiv2][body] POST https://iam.googleapis.com/v1/projects/osti-ff772/serviceAccounts [omitted]
[debug] [2026-02-27T01:07:37.415Z] No OAuth tokens found
[debug] [2026-02-27T01:07:37.415Z] No OAuth tokens found
[debug] [2026-02-27T01:07:37.415Z] > command requires scopes: ["email","openid","https://www.googleapis.com/auth/cloudplatformprojects.readonly","https://www.googleapis.com/auth/firebase","https://www.googleapis.com/auth/cloud-platform","https://www.googleapis.com/auth/userinfo.email"]
[debug] [2026-02-27T01:07:37.416Z] > authorizing via signed-in user (japaka876@gmail.com)
[debug] [2026-02-27T01:07:37.416Z] >>> [apiv2][query] POST https://cloudresourcemanager.googleapis.com/v1/projects/osti-ff772:getIamPolicy [none]
[debug] [2026-02-27T01:07:37.521Z] <<< [apiv2][status] POST https://cloudresourcemanager.googleapis.com/v1/projects/osti-ff772:getIamPolicy 200
[debug] [2026-02-27T01:07:37.521Z] <<< [apiv2][body] POST https://cloudresourcemanager.googleapis.com/v1/projects/osti-ff772:getIamPolicy {"version":1,"etag":"BwZLw6AktzE=","bindings":[{"role":"roles/cloudbuild.builds.builder","members":["serviceAccount:315164416357@cloudbuild.gserviceaccount.com"]},{"role":"roles/cloudbuild.serviceAgent","members":["serviceAccount:service-315164416357@gcp-sa-cloudbuild.iam.gserviceaccount.com"]},{"role":"roles/containerregistry.ServiceAgent","members":["serviceAccount:service-315164416357@containerregistry.iam.gserviceaccount.com"]},{"role":"roles/developerconnect.readTokenAccessor","members":["serviceAccount:firebase-app-hosting-compute@osti-ff772.iam.gserviceaccount.com"]},{"role":"roles/developerconnect.serviceAgent","members":["serviceAccount:service-315164416357@gcp-sa-devconnect.iam.gserviceaccount.com"]},{"role":"roles/editor","members":["serviceAccount:315164416357-compute@developer.gserviceaccount.com"]},{"role":"roles/firebase.managementServiceAgent","members":["serviceAccount:service-315164416357@gcp-sa-firebase.iam.gserviceaccount.com"]},{"role":"roles/firebase.sdkAdminServiceAgent","members":["serviceAccount:firebase-adminsdk-fbsvc@osti-ff772.iam.gserviceaccount.com","serviceAccount:firebase-app-hosting-compute@osti-ff772.iam.gserviceaccount.com"]},{"role":"roles/firebaseapphosting.computeRunner","members":["serviceAccount:firebase-app-hosting-compute@osti-ff772.iam.gserviceaccount.com"]},{"role":"roles/iam.serviceAccountTokenCreator","members":["serviceAccount:firebase-adminsdk-fbsvc@osti-ff772.iam.gserviceaccount.com"]},{"role":"roles/owner","members":["user:japaka876@gmail.com"]},{"role":"roles/run.serviceAgent","members":["serviceAccount:service-315164416357@serverless-robot-prod.iam.gserviceaccount.com"]},{"role":"roles/secretmanager.admin","members":["serviceAccount:service-315164416357@gcp-sa-devconnect.iam.gserviceaccount.com"]},{"role":"roles/storage.objectViewer","members":["serviceAccount:firebase-app-hosting-compute@osti-ff772.iam.gserviceaccount.com"]}]}
[debug] [2026-02-27T01:07:37.522Z] No OAuth tokens found
[debug] [2026-02-27T01:07:37.522Z] No OAuth tokens found
[debug] [2026-02-27T01:07:37.522Z] > command requires scopes: ["email","openid","https://www.googleapis.com/auth/cloudplatformprojects.readonly","https://www.googleapis.com/auth/firebase","https://www.googleapis.com/auth/cloud-platform","https://www.googleapis.com/auth/userinfo.email"]
[debug] [2026-02-27T01:07:37.523Z] > authorizing via signed-in user (japaka876@gmail.com)
[debug] [2026-02-27T01:07:37.525Z] >>> [apiv2][query] POST https://cloudresourcemanager.googleapis.com/v1/projects/osti-ff772:setIamPolicy [none]
[debug] [2026-02-27T01:07:37.525Z] >>> [apiv2][body] POST https://cloudresourcemanager.googleapis.com/v1/projects/osti-ff772:setIamPolicy {"policy":{"version":1,"etag":"BwZLw6AktzE=","bindings":[{"role":"roles/cloudbuild.builds.builder","members":["serviceAccount:315164416357@cloudbuild.gserviceaccount.com"]},{"role":"roles/cloudbuild.serviceAgent","members":["serviceAccount:service-315164416357@gcp-sa-cloudbuild.iam.gserviceaccount.com"]},{"role":"roles/containerregistry.ServiceAgent","members":["serviceAccount:service-315164416357@containerregistry.iam.gserviceaccount.com"]},{"role":"roles/developerconnect.readTokenAccessor","members":["serviceAccount:firebase-app-hosting-compute@osti-ff772.iam.gserviceaccount.com"]},{"role":"roles/developerconnect.serviceAgent","members":["serviceAccount:service-315164416357@gcp-sa-devconnect.iam.gserviceaccount.com"]},{"role":"roles/editor","members":["serviceAccount:315164416357-compute@developer.gserviceaccount.com"]},{"role":"roles/firebase.managementServiceAgent","members":["serviceAccount:service-315164416357@gcp-sa-firebase.iam.gserviceaccount.com"]},{"role":"roles/firebase.sdkAdminServiceAgent","members":["serviceAccount:firebase-adminsdk-fbsvc@osti-ff772.iam.gserviceaccount.com","serviceAccount:firebase-app-hosting-compute@osti-ff772.iam.gserviceaccount.com"]},{"role":"roles/firebaseapphosting.computeRunner","members":["serviceAccount:firebase-app-hosting-compute@osti-ff772.iam.gserviceaccount.com"]},{"role":"roles/iam.serviceAccountTokenCreator","members":["serviceAccount:firebase-adminsdk-fbsvc@osti-ff772.iam.gserviceaccount.com"]},{"role":"roles/owner","members":["user:japaka876@gmail.com"]},{"role":"roles/run.serviceAgent","members":["serviceAccount:service-315164416357@serverless-robot-prod.iam.gserviceaccount.com"]},{"role":"roles/secretmanager.admin","members":["serviceAccount:service-315164416357@gcp-sa-devconnect.iam.gserviceaccount.com"]},{"role":"roles/storage.objectViewer","members":["serviceAccount:firebase-app-hosting-compute@osti-ff772.iam.gserviceaccount.com"]}]},"updateMask":"bindings"}
[debug] [2026-02-27T01:07:37.889Z] <<< [apiv2][status] POST https://cloudresourcemanager.googleapis.com/v1/projects/osti-ff772:setIamPolicy 200
[debug] [2026-02-27T01:07:37.889Z] <<< [apiv2][body] POST https://cloudresourcemanager.googleapis.com/v1/projects/osti-ff772:setIamPolicy {"version":1,"etag":"BwZLw9zy8VU=","bindings":[{"role":"roles/cloudbuild.builds.builder","members":["serviceAccount:315164416357@cloudbuild.gserviceaccount.com"]},{"role":"roles/cloudbuild.serviceAgent","members":["serviceAccount:service-315164416357@gcp-sa-cloudbuild.iam.gserviceaccount.com"]},{"role":"roles/containerregistry.ServiceAgent","members":["serviceAccount:service-315164416357@containerregistry.iam.gserviceaccount.com"]},{"role":"roles/developerconnect.readTokenAccessor","members":["serviceAccount:firebase-app-hosting-compute@osti-ff772.iam.gserviceaccount.com"]},{"role":"roles/developerconnect.serviceAgent","members":["serviceAccount:service-315164416357@gcp-sa-devconnect.iam.gserviceaccount.com"]},{"role":"roles/editor","members":["serviceAccount:315164416357-compute@developer.gserviceaccount.com"]},{"role":"roles/firebase.managementServiceAgent","members":["serviceAccount:service-315164416357@gcp-sa-firebase.iam.gserviceaccount.com"]},{"role":"roles/firebase.sdkAdminServiceAgent","members":["serviceAccount:firebase-adminsdk-fbsvc@osti-ff772.iam.gserviceaccount.com","serviceAccount:firebase-app-hosting-compute@osti-ff772.iam.gserviceaccount.com"]},{"role":"roles/firebaseapphosting.computeRunner","members":["serviceAccount:firebase-app-hosting-compute@osti-ff772.iam.gserviceaccount.com"]},{"role":"roles/iam.serviceAccountTokenCreator","members":["serviceAccount:firebase-adminsdk-fbsvc@osti-ff772.iam.gserviceaccount.com"]},{"role":"roles/owner","members":["user:japaka876@gmail.com"]},{"role":"roles/run.serviceAgent","members":["serviceAccount:service-315164416357@serverless-robot-prod.iam.gserviceaccount.com"]},{"role":"roles/secretmanager.admin","members":["serviceAccount:service-315164416357@gcp-sa-devconnect.iam.gserviceaccount.com"]},{"role":"roles/storage.objectViewer","members":["serviceAccount:firebase-app-hosting-compute@osti-ff772.iam.gserviceaccount.com"]}]}
[debug] [2026-02-27T01:07:37.890Z] No OAuth tokens found
[debug] [2026-02-27T01:07:37.892Z] No OAuth tokens found
[debug] [2026-02-27T01:07:37.892Z] > command requires scopes: ["email","openid","https://www.googleapis.com/auth/cloudplatformprojects.readonly","https://www.googleapis.com/auth/firebase","https://www.googleapis.com/auth/cloud-platform","https://www.googleapis.com/auth/userinfo.email"]
[debug] [2026-02-27T01:07:37.892Z] > authorizing via signed-in user (japaka876@gmail.com)
[debug] [2026-02-27T01:07:37.893Z] >>> [apiv2][query] GET https://firebaseapphosting.googleapis.com/v1beta/projects/osti-ff772/locations 
[debug] [2026-02-27T01:07:37.975Z] <<< [apiv2][status] GET https://firebaseapphosting.googleapis.com/v1beta/projects/osti-ff772/locations 200
[debug] [2026-02-27T01:07:37.975Z] <<< [apiv2][body] GET https://firebaseapphosting.googleapis.com/v1beta/projects/osti-ff772/locations {"locations":[{"name":"projects/osti-ff772/locations/asia-east1","locationId":"asia-east1","displayName":"Taiwan"},{"name":"projects/osti-ff772/locations/asia-southeast1","locationId":"asia-southeast1","displayName":"Singapore"},{"name":"projects/osti-ff772/locations/europe-west4","locationId":"europe-west4","displayName":"Netherlands"},{"name":"projects/osti-ff772/locations/us-central1","locationId":"us-central1","displayName":"Iowa"},{"name":"projects/osti-ff772/locations/us-east4","locationId":"us-east4","displayName":"Northern Virginia"},{"name":"projects/osti-ff772/locations/us-east5","locationId":"us-east5","displayName":"Columbus"}]}
[info] ✔  Location set to us-central1.
 
[info] i  === Set up your backend 
[debug] [2026-02-27T01:07:48.054Z] No OAuth tokens found
[debug] [2026-02-27T01:07:48.054Z] No OAuth tokens found
[debug] [2026-02-27T01:07:48.054Z] > command requires scopes: ["email","openid","https://www.googleapis.com/auth/cloudplatformprojects.readonly","https://www.googleapis.com/auth/firebase","https://www.googleapis.com/auth/cloud-platform","https://www.googleapis.com/auth/userinfo.email"]
[debug] [2026-02-27T01:07:48.057Z] > authorizing via signed-in user (japaka876@gmail.com)
[debug] [2026-02-27T01:07:48.057Z] >>> [apiv2][query] GET https://firebaseapphosting.googleapis.com/v1beta/projects/osti-ff772/locations/us-central1/backends/OSTI [none]
[debug] [2026-02-27T01:07:48.120Z] <<< [apiv2][status] GET https://firebaseapphosting.googleapis.com/v1beta/projects/osti-ff772/locations/us-central1/backends/OSTI 404
[debug] [2026-02-27T01:07:48.120Z] <<< [apiv2][body] GET https://firebaseapphosting.googleapis.com/v1beta/projects/osti-ff772/locations/us-central1/backends/OSTI {"error":{"code":404,"message":"Resource 'projects/osti-ff772/locations/us-central1/backends/OSTI' was not found","status":"NOT_FOUND","details":[{"@type":"type.googleapis.com/google.rpc.ResourceInfo","resourceName":"projects/osti-ff772/locations/us-central1/backends/OSTI"}]}}
[info] ✔  Name set to OSTI
 
[info] i  === Import a GitHub repository 
[debug] [2026-02-27T01:07:58.294Z] No OAuth tokens found
[debug] [2026-02-27T01:07:58.294Z] No OAuth tokens found
[debug] [2026-02-27T01:07:58.294Z] > command requires scopes: ["email","openid","https://www.googleapis.com/auth/cloudplatformprojects.readonly","https://www.googleapis.com/auth/firebase","https://www.googleapis.com/auth/cloud-platform","https://www.googleapis.com/auth/userinfo.email"]
[debug] [2026-02-27T01:07:58.294Z] > authorizing via signed-in user (japaka876@gmail.com)
[debug] [2026-02-27T01:07:58.298Z] >>> [apiv2][query] GET https://developerconnect.googleapis.com/v1/projects/osti-ff772/locations/us-central1/connections pageSize=1000&pageToken=
[debug] [2026-02-27T01:07:58.382Z] <<< [apiv2][status] GET https://developerconnect.googleapis.com/v1/projects/osti-ff772/locations/us-central1/connections 200
[debug] [2026-02-27T01:07:58.386Z] <<< [apiv2][body] GET https://developerconnect.googleapis.com/v1/projects/osti-ff772/locations/us-central1/connections {"connections":[{"name":"projects/osti-ff772/locations/us-central1/connections/apphosting-github-conn-bi1yaf","createTime":"2026-02-27T00:50:37.909504443Z","updateTime":"2026-02-27T00:57:10.085954393Z","githubConfig":{"githubApp":"FIREBASE","authorizerCredential":{"oauthTokenSecretVersion":"projects/osti-ff772/secrets/apphosting-github-conn-bi1yaf-github-oauthtoken-3a12d0/versions/latest","username":"japaka876-boop"},"appInstallationId":"112762904","installationUri":"https://github.com/settings/installations/112762904"},"installationState":{"stage":"COMPLETE"},"uid":"61dc71f2-16a9-47c9-83b5-efcfed948f69"}]}
[debug] [2026-02-27T01:07:58.387Z] No OAuth tokens found
[debug] [2026-02-27T01:07:58.387Z] No OAuth tokens found
[debug] [2026-02-27T01:07:58.388Z] > command requires scopes: ["email","openid","https://www.googleapis.com/auth/cloudplatformprojects.readonly","https://www.googleapis.com/auth/firebase","https://www.googleapis.com/auth/cloud-platform","https://www.googleapis.com/auth/userinfo.email"]
[debug] [2026-02-27T01:07:58.388Z] > authorizing via signed-in user (japaka876@gmail.com)
[debug] [2026-02-27T01:07:58.388Z] >>> [apiv2][query] GET https://developerconnect.googleapis.com/v1/projects/osti-ff772/locations/us-central1/connections/apphosting-github-conn-bi1yaf:fetchGitHubInstallations [none]
[debug] [2026-02-27T01:07:58.609Z] <<< [apiv2][status] GET https://developerconnect.googleapis.com/v1/projects/osti-ff772/locations/us-central1/connections/apphosting-github-conn-bi1yaf:fetchGitHubInstallations 200
[debug] [2026-02-27T01:07:58.609Z] <<< [apiv2][body] GET https://developerconnect.googleapis.com/v1/projects/osti-ff772/locations/us-central1/connections/apphosting-github-conn-bi1yaf:fetchGitHubInstallations {"installations":[{"id":"112762904","name":"japaka876-boop","type":"user"}]}
[debug] [2026-02-27T01:08:03.035Z] No OAuth tokens found
[debug] [2026-02-27T01:08:03.035Z] No OAuth tokens found
[debug] [2026-02-27T01:08:03.036Z] > command requires scopes: ["email","openid","https://www.googleapis.com/auth/cloudplatformprojects.readonly","https://www.googleapis.com/auth/firebase","https://www.googleapis.com/auth/cloud-platform","https://www.googleapis.com/auth/userinfo.email"]
[debug] [2026-02-27T01:08:03.036Z] > authorizing via signed-in user (japaka876@gmail.com)
[debug] [2026-02-27T01:08:03.040Z] >>> [apiv2][query] GET https://developerconnect.googleapis.com/v1/projects/osti-ff772/locations/us-central1/connections pageSize=1000&pageToken=
[debug] [2026-02-27T01:08:03.098Z] <<< [apiv2][status] GET https://developerconnect.googleapis.com/v1/projects/osti-ff772/locations/us-central1/connections 200
[debug] [2026-02-27T01:08:03.101Z] <<< [apiv2][body] GET https://developerconnect.googleapis.com/v1/projects/osti-ff772/locations/us-central1/connections {"connections":[{"name":"projects/osti-ff772/locations/us-central1/connections/apphosting-github-conn-bi1yaf","createTime":"2026-02-27T00:50:37.909504443Z","updateTime":"2026-02-27T00:57:10.085954393Z","githubConfig":{"githubApp":"FIREBASE","authorizerCredential":{"oauthTokenSecretVersion":"projects/osti-ff772/secrets/apphosting-github-conn-bi1yaf-github-oauthtoken-3a12d0/versions/latest","username":"japaka876-boop"},"appInstallationId":"112762904","installationUri":"https://github.com/settings/installations/112762904"},"installationState":{"stage":"COMPLETE"},"uid":"61dc71f2-16a9-47c9-83b5-efcfed948f69"}]}
[info] i  Reusing matching connection apphosting-github-conn-bi1yaf 
[debug] [2026-02-27T01:08:03.106Z] No OAuth tokens found
[debug] [2026-02-27T01:08:03.110Z] No OAuth tokens found
[debug] [2026-02-27T01:08:03.110Z] > command requires scopes: ["email","openid","https://www.googleapis.com/auth/cloudplatformprojects.readonly","https://www.googleapis.com/auth/firebase","https://www.googleapis.com/auth/cloud-platform","https://www.googleapis.com/auth/userinfo.email"]
[debug] [2026-02-27T01:08:03.110Z] > authorizing via signed-in user (japaka876@gmail.com)
[debug] [2026-02-27T01:08:03.111Z] >>> [apiv2][query] GET https://developerconnect.googleapis.com/v1/projects/osti-ff772/locations/us-central1/connections/apphosting-github-conn-bi1yaf:fetchLinkableGitRepositories pageSize=1000&pageToken=
[debug] [2026-02-27T01:08:03.395Z] <<< [apiv2][status] GET https://developerconnect.googleapis.com/v1/projects/osti-ff772/locations/us-central1/connections/apphosting-github-conn-bi1yaf:fetchLinkableGitRepositories 200
[debug] [2026-02-27T01:08:03.397Z] <<< [apiv2][body] GET https://developerconnect.googleapis.com/v1/projects/osti-ff772/locations/us-central1/connections/apphosting-github-conn-bi1yaf:fetchLinkableGitRepositories {"linkableGitRepositories":[{"cloneUri":"https://github.com/japaka876-boop/OSTI.git"}]}
[debug] [2026-02-27T01:08:09.133Z] No OAuth tokens found
[debug] [2026-02-27T01:08:09.133Z] No OAuth tokens found
[debug] [2026-02-27T01:08:09.133Z] > command requires scopes: ["email","openid","https://www.googleapis.com/auth/cloudplatformprojects.readonly","https://www.googleapis.com/auth/firebase","https://www.googleapis.com/auth/cloud-platform","https://www.googleapis.com/auth/userinfo.email"]
[debug] [2026-02-27T01:08:09.134Z] > authorizing via signed-in user (japaka876@gmail.com)
[debug] [2026-02-27T01:08:09.134Z] >>> [apiv2][query] GET https://developerconnect.googleapis.com/v1/projects/osti-ff772/locations/us-central1/connections/apphosting-github-conn-bi1yaf [none]
[debug] [2026-02-27T01:08:09.222Z] <<< [apiv2][status] GET https://developerconnect.googleapis.com/v1/projects/osti-ff772/locations/us-central1/connections/apphosting-github-conn-bi1yaf 200
[debug] [2026-02-27T01:08:09.222Z] <<< [apiv2][body] GET https://developerconnect.googleapis.com/v1/projects/osti-ff772/locations/us-central1/connections/apphosting-github-conn-bi1yaf {"name":"projects/osti-ff772/locations/us-central1/connections/apphosting-github-conn-bi1yaf","createTime":"2026-02-27T00:50:37.909504443Z","updateTime":"2026-02-27T00:57:10.085954393Z","githubConfig":{"githubApp":"FIREBASE","authorizerCredential":{"oauthTokenSecretVersion":"projects/osti-ff772/secrets/apphosting-github-conn-bi1yaf-github-oauthtoken-3a12d0/versions/latest","username":"japaka876-boop"},"appInstallationId":"112762904","installationUri":"https://github.com/settings/installations/112762904"},"installationState":{"stage":"COMPLETE"},"uid":"61dc71f2-16a9-47c9-83b5-efcfed948f69"}
[debug] [2026-02-27T01:08:09.223Z] No OAuth tokens found
[debug] [2026-02-27T01:08:09.223Z] No OAuth tokens found
[debug] [2026-02-27T01:08:09.223Z] > command requires scopes: ["email","openid","https://www.googleapis.com/auth/cloudplatformprojects.readonly","https://www.googleapis.com/auth/firebase","https://www.googleapis.com/auth/cloud-platform","https://www.googleapis.com/auth/userinfo.email"]
[debug] [2026-02-27T01:08:09.223Z] > authorizing via signed-in user (japaka876@gmail.com)
[debug] [2026-02-27T01:08:09.224Z] >>> [apiv2][query] GET https://developerconnect.googleapis.com/v1/projects/osti-ff772/locations/us-central1/connections/apphosting-github-conn-bi1yaf/gitRepositoryLinks/japaka876-boop-OSTI [none]
[debug] [2026-02-27T01:08:09.262Z] <<< [apiv2][status] GET https://developerconnect.googleapis.com/v1/projects/osti-ff772/locations/us-central1/connections/apphosting-github-conn-bi1yaf/gitRepositoryLinks/japaka876-boop-OSTI 200
[debug] [2026-02-27T01:08:09.262Z] <<< [apiv2][body] GET https://developerconnect.googleapis.com/v1/projects/osti-ff772/locations/us-central1/connections/apphosting-github-conn-bi1yaf/gitRepositoryLinks/japaka876-boop-OSTI {"name":"projects/osti-ff772/locations/us-central1/connections/apphosting-github-conn-bi1yaf/gitRepositoryLinks/japaka876-boop-OSTI","cloneUri":"https://github.com/japaka876-boop/OSTI.git","createTime":"2026-02-27T01:01:18.731760823Z","updateTime":"2026-02-27T01:01:19.196894582Z"}
[debug] [2026-02-27T01:08:09.264Z] No OAuth tokens found
[debug] [2026-02-27T01:08:09.264Z] No OAuth tokens found
[debug] [2026-02-27T01:08:09.264Z] > command requires scopes: ["email","openid","https://www.googleapis.com/auth/cloudplatformprojects.readonly","https://www.googleapis.com/auth/firebase","https://www.googleapis.com/auth/cloud-platform","https://www.googleapis.com/auth/userinfo.email"]
[debug] [2026-02-27T01:08:09.265Z] > authorizing via signed-in user (japaka876@gmail.com)
[debug] [2026-02-27T01:08:09.265Z] >>> [apiv2][query] GET https://developerconnect.googleapis.com/v1/projects/osti-ff772/locations/us-central1/connections/apphosting-github-conn-bi1yaf/gitRepositoryLinks/japaka876-boop-OSTI:fetchGitRefs refType=BRANCH&pageSize=1000&pageToken=
[debug] [2026-02-27T01:08:09.526Z] <<< [apiv2][status] GET https://developerconnect.googleapis.com/v1/projects/osti-ff772/locations/us-central1/connections/apphosting-github-conn-bi1yaf/gitRepositoryLinks/japaka876-boop-OSTI:fetchGitRefs 200
[debug] [2026-02-27T01:08:09.526Z] <<< [apiv2][body] GET https://developerconnect.googleapis.com/v1/projects/osti-ff772/locations/us-central1/connections/apphosting-github-conn-bi1yaf/gitRepositoryLinks/japaka876-boop-OSTI:fetchGitRefs {}
